Removed Pin From Net: NetName=GND Pin=C17-1
Removed Pin From Net: NetName=GND Pin=C1001-1
Removed Pin From Net: NetName=VCC-12V Pin=C1001-2
Removed Pin From Net: NetName=VCC-12V Pin=C1002-1
Removed Pin From Net: NetName=GND Pin=C1002-2
Removed Pin From Net: NetName=GND Pin=C1003-1
Removed Pin From Net: NetName=VCC-5V Pin=C1003-2
Removed Pin From Net: NetName=VCC-5V Pin=C1004-1
Removed Pin From Net: NetName=GND Pin=C1004-2
Removed Pin From Net: NetName=GND Pin=C1005-1
Removed Pin From Net: NetName=GND Pin=C1006-2
Removed Pin From Net: NetName=GND Pin=C1007-1
Removed Pin From Net: NetName=GND Pin=C1008-1
Removed Pin From Net: NetName=GND Pin=C1009-1
Removed Pin From Net: NetName=GND Pin=C1010-1
Removed Pin From Net: NetName=GND Pin=C1011-1
Removed Pin From Net: NetName=GND Pin=C1012-2
Removed Pin From Net: NetName=GND Pin=C1013-2
Removed Pin From Net: NetName=GND Pin=C1014-2
Removed Pin From Net: NetName=GND Pin=C1015-1
Removed Pin From Net: NetName=GND Pin=C1016-1
Removed Pin From Net: NetName=GND Pin=D5-2
Removed Pin From Net: NetName=GND Pin=D6-2
Removed Pin From Net: NetName=GND Pin=D7-2
Removed Pin From Net: NetName=GND Pin=D8-2
Removed Pin From Net: NetName=GND Pin=D9-2
Removed Pin From Net: NetName=GND Pin=D10-2
Removed Pin From Net: NetName=GND Pin=D11-2
Removed Pin From Net: NetName=GND Pin=D12-2
Removed Pin From Net: NetName=GND Pin=J3-4
Removed Pin From Net: NetName=GND Pin=J3-6
Removed Pin From Net: NetName=GND Pin=J3-8
Removed Pin From Net: NetName=GND Pin=J3-10
Removed Pin From Net: NetName=GND Pin=J3-12
Removed Pin From Net: NetName=GND Pin=J3-14
Removed Pin From Net: NetName=GND Pin=J3-16
Removed Pin From Net: NetName=GND Pin=J3-18
Removed Pin From Net: NetName=GND Pin=J3-20
Removed Pin From Net: NetName=GND Pin=J5-1
Removed Pin From Net: NetName=GND Pin=J7-1
Removed Pin From Net: NetName=GND Pin=J7-2
Removed Pin From Net: NetName=GND Pin=J7-11
Removed Pin From Net: NetName=GND Pin=J7-12
Removed Pin From Net: NetName=GND Pin=J8-1
Removed Pin From Net: NetName=GND Pin=J8-2
Removed Pin From Net: NetName=GND Pin=J8-11
Removed Pin From Net: NetName=GND Pin=J8-12
Removed Pin From Net: NetName=VCC-5V Pin=P1-1
Removed Pin From Net: NetName=GND Pin=P1-2
Removed Pin From Net: NetName=GND Pin=P1-3
Removed Pin From Net: NetName=VCC-12V Pin=P1-4
Removed Pin From Net: NetName=GND Pin=R1008-1
Removed Pin From Net: NetName=GND Pin=R1009-1
Removed Pin From Net: NetName=GND Pin=R1010-1
Removed Pin From Net: NetName=GND Pin=R1011-1
Removed Pin From Net: NetName=GND Pin=R1024-2
Removed Pin From Net: NetName=GND Pin=R1027-1
Removed Pin From Net: NetName=GND Pin=SW1-3
Removed Pin From Net: NetName=GND Pin=SW1-4
Removed Pin From Net: NetName=GND Pin=SW2-2
Removed Pin From Net: NetName=GND Pin=SW3-2
Removed Pin From Net: NetName=GND Pin=SW4-2
Removed Pin From Net: NetName=GND Pin=SW5-2
Removed Pin From Net: NetName=GND Pin=SW6-2
Removed Pin From Net: NetName=GND Pin=SW7-2
Removed Pin From Net: NetName=GND Pin=SW8-2
Removed Pin From Net: NetName=GND Pin=SW9-2
Removed Pin From Net: NetName=GND Pin=U1001-1
Removed Pin From Net: NetName=VCC-5V Pin=U1001-3
Removed Pin From Net: NetName=NetR2004_1 Pin=U1002-10
Removed Pin From Net: NetName=NetR2006_1 Pin=U1002-11
Removed Pin From Net: NetName=GND Pin=U1002-12
Removed Pin From Net: NetName=GND Pin=U1002-18
Removed Pin From Net: NetName=NetR2012_1 Pin=U1002-23
Removed Pin From Net: NetName=NetR2008_1 Pin=U1002-24
Removed Pin From Net: NetName=NetR2010_1 Pin=U1002-25
Removed Pin From Net: NetName=GND Pin=U1002-31
Removed Pin From Net: NetName=NetR2014_1 Pin=U1002-41
Removed Pin From Net: NetName=GND Pin=U1002-47
Removed Pin From Net: NetName=NetR3001_1 Pin=U1002-58
Removed Pin From Net: NetName=NetR3002_1 Pin=U1002-59
Removed Pin From Net: NetName=NetR3004_1 Pin=U1002-61
Removed Pin From Net: NetName=NetR3005_1 Pin=U1002-62
Removed Pin From Net: NetName=GND Pin=U1002-63
Removed Pin From Net: NetName=GND Pin=U1003-15
Added Pin To Net: NetName=NetU2001_4 Pin=U2001-4
Added Net: Name=NetU2001_4
Added Pin To Net: NetName=NetU2001_5 Pin=U2001-5
Added Net: Name=NetU2001_5
Added Pin To Net: NetName=NetU2001_6 Pin=U2001-6
Added Net: Name=NetU2001_6
Added Room: Name=Sheet2
Added Room: Name=Sheet3
