Removed Pin From Net: NetName=KEY8-1 Pin=SW2-1
Removed Pin From Net: NetName=KEY7-1 Pin=SW3-1
Removed Pin From Net: NetName=KEY6-1 Pin=SW4-1
Removed Pin From Net: NetName=KEY4-1 Pin=SW6-1
Removed Pin From Net: NetName=KEY3-1 Pin=SW7-1
Removed Pin From Net: NetName=KEY2-1 Pin=SW8-1
Removed Pin From Net: NetName=KEY1-1 Pin=SW9-1
Removed Pin From Net: NetName=GND Pin=SW9-2
Change Component Designator: OldDesignator=SW1 NewDesignator=S1
Added Component: Designator=SW1(AJB-9MM)
Added Pin To Net: NetName=KEY1-1 Pin=SW1-1
Added Pin To Net: NetName=GND Pin=SW1-2
Added Pin To Net: NetName=KEY2-1 Pin=SW2-1
Added Pin To Net: NetName=KEY3-1 Pin=SW3-1
Added Pin To Net: NetName=KEY4-1 Pin=SW4-1
Added Pin To Net: NetName=KEY6-1 Pin=SW6-1
Added Pin To Net: NetName=KEY7-1 Pin=SW7-1
Added Pin To Net: NetName=KEY8-1 Pin=SW8-1
Added Member To Class: ClassName=Sheet1 Member=Component S1 INT0
Added Member To Class: ClassName=Sheet1 Member=Component SW1 KEYPAD_D5_3_5
Added Room: Name=Sheet1
Added Room: Name=Sheet2
Added Room: Name=Sheet3
